<?xml version="1.0" encoding="UTF-8"?>
<!-- Generated by org.testng.reporters.JUnitXMLReporter -->
<testsuite hostname="DESKTOP-523P691" ignored="0" name="SeleniumWebDriverJava" tests="2" failures="1" timestamp="22 may 2020 04:11:21 GMT" time="0.058" errors="0">
  <testcase name="testCalculador" time="0.017" classname="ejercicios.TestEmployeeDetails">
    <failure type="java.lang.AssertionError" message="500 expected [96000.0] but found [500.0]">
      <![CDATA[java.lang.AssertionError: 500 expected [96000.0] but found [500.0]
	at ejercicios.TestEmployeeDetails.testCalculador(TestEmployeeDetails.java:16)
	at com.intellij.rt.testng.IDEARemoteTestNG.run(IDEARemoteTestNG.java:66)
	at com.intellij.rt.testng.RemoteTestNGStarter.main(RemoteTestNGStarter.java:110)
... Removed 25 stack frames]]>
    </failure>
  </testcase> <!-- testCalculador -->
  <testcase name="testCalculador2" time="0.0" classname="ejercicios.TestEmployeeDetails"/>
</testsuite> <!-- SeleniumWebDriverJava -->
